[I 2026-05-08 13:26:14,647] A new study created in RDB with name: cylinder_bo_v2
[I 2026-05-08 13:33:25,901] Trial 0 finished with value: 428.5720812344405 and parameters: {'r1_mm': 2.5, 'r2_mm': 2.5, 'r3_mm': 2.5}. Best is trial 0 with value: 428.5720812344405.
[I 2026-05-08 13:38:06,176] Trial 1 finished with value: 523.0529962146591 and parameters: {'r1_mm': 2.865880839481802, 'r2_mm': 1.2993577323809704, 'r3_mm': 3.5898384168055575}. Best is trial 1 with value: 523.0529962146591.
[I 2026-05-08 13:44:39,651] Trial 2 finished with value: 451.0577123721655 and parameters: {'r1_mm': 3.9961042772651982, 'r2_mm': 1.4563364763215052, 'r3_mm': 1.741931594710461}. Best is trial 1 with value: 523.0529962146591.
[I 2026-05-08 13:49:10,777] Trial 3 finished with value: 481.72281030484845 and parameters: {'r1_mm': 2.3436177470443864, 'r2_mm': 3.2581255697136156, 'r3_mm': 1.7890046869708554}. Best is trial 1 with value: 523.0529962146591.
[I 2026-05-08 13:53:57,546] Trial 4 finished with value: 452.08788263827 and parameters: {'r1_mm': 1.2641477063629614, 'r2_mm': 2.041952324720782, 'r3_mm': 4.204679924187244}. Best is trial 1 with value: 523.0529962146591.
[I 2026-05-08 13:58:04,089] Trial 5 finished with value: 347.01415423743873 and parameters: {'r1_mm': 2.476077730521817, 'r2_mm': 0.8073770199793963, 'r3_mm': 1.8282454497987468}. Best is trial 1 with value: 523.0529962146591.
[I 2026-05-08 14:02:30,036] Trial 6 pruned. Lifetime 29.12h < 34.65h
[I 2026-05-08 14:06:56,702] Trial 7 finished with value: 501.6339462142592 and parameters: {'r1_mm': 3.167053545847632, 'r2_mm': 1.995151996820619, 'r3_mm': 1.6788323001055403}. Best is trial 1 with value: 523.0529962146591.
[I 2026-05-08 14:10:19,678] Trial 8 finished with value: 365.42850964105224 and parameters: {'r1_mm': 1.2822718042833827, 'r2_mm': 3.0435105677886654, 'r3_mm': 2.1843998243912366}. Best is trial 1 with value: 523.0529962146591.
[I 2026-05-08 14:16:50,400] Trial 9 finished with value: 320.72108333505196 and parameters: {'r1_mm': 4.357239158359167, 'r2_mm': 1.4714887346991845, 'r3_mm': 1.5826549267356773}. Best is trial 1 with value: 523.0529962146591.
[I 2026-05-08 14:20:58,408] Trial 10 finished with value: 423.70188148071003 and parameters: {'r1_mm': 3.2581045096763686, 'r2_mm': 0.8614250523318412, 'r3_mm': 3.1331732879425807}. Best is trial 1 with value: 523.0529962146591.
[I 2026-05-08 14:25:01,727] Trial 11 finished with value: 378.1975798495829 and parameters: {'r1_mm': 3.169793953649224, 'r2_mm': 2.577353204933191, 'r3_mm': 0.9757045277112618}. Best is trial 1 with value: 523.0529962146591.
[I 2026-05-08 14:28:55,084] Trial 12 finished with value: 439.94533058287107 and parameters: {'r1_mm': 3.2782173943662523, 'r2_mm': 1.4421576363689548, 'r3_mm': 1.1922732815308232}. Best is trial 1 with value: 523.0529962146591.
[I 2026-05-08 14:34:32,590] Trial 13 pruned. Lifetime 16.03h < 34.65h
[I 2026-05-08 14:40:24,589] Trial 14 finished with value: 505.90320232001403 and parameters: {'r1_mm': 3.673460495814946, 'r2_mm': 1.170100484330317, 'r3_mm': 2.706511847465284}. Best is trial 1 with value: 523.0529962146591.
[I 2026-05-08 14:47:04,532] Trial 15 pruned. Lifetime 21.76h < 34.65h
[I 2026-05-08 14:52:07,860] Trial 16 finished with value: 458.919711659019 and parameters: {'r1_mm': 3.699228530554118, 'r2_mm': 1.230647951114614, 'r3_mm': 2.802306321161235}. Best is trial 1 with value: 523.0529962146591.
[I 2026-05-08 14:56:28,651] Trial 17 finished with value: 496.6591721059315 and parameters: {'r1_mm': 2.8941947913192347, 'r2_mm': 1.743568129731751, 'r3_mm': 3.3362438534683747}. Best is trial 1 with value: 523.0529962146591.
[I 2026-05-08 15:01:43,625] Trial 18 finished with value: 437.7666122833007 and parameters: {'r1_mm': 2.030889069397075, 'r2_mm': 3.9960204254666642, 'r3_mm': 1.3861502098869976}. Best is trial 1 with value: 523.0529962146591.
[I 2026-05-08 15:08:01,487] Trial 19 pruned. Lifetime 21.70h < 34.65h
[I 2026-05-08 15:14:28,598] Trial 20 finished with value: 509.511663745474 and parameters: {'r1_mm': 3.6231270514237695, 'r2_mm': 1.705771518104187, 'r3_mm': 2.175701638168751}. Best is trial 1 with value: 523.0529962146591.
[I 2026-05-08 15:20:40,401] Trial 21 finished with value: 491.1296090366352 and parameters: {'r1_mm': 3.6486173485518387, 'r2_mm': 1.6325234970102223, 'r3_mm': 2.198969028286916}. Best is trial 1 with value: 523.0529962146591.
[I 2026-05-08 15:24:39,250] Trial 22 finished with value: 429.7216330400247 and parameters: {'r1_mm': 2.8702874865539223, 'r2_mm': 2.1969871484826005, 'r3_mm': 3.124959063237533}. Best is trial 1 with value: 523.0529962146591.
[I 2026-05-08 15:30:57,486] Trial 23 finished with value: 482.1374406342412 and parameters: {'r1_mm': 3.5245734292703106, 'r2_mm': 1.2821584308243146, 'r3_mm': 2.4007903638436954}. Best is trial 1 with value: 523.0529962146591.
[I 2026-05-08 15:36:57,174] Trial 24 finished with value: 432.3316723803336 and parameters: {'r1_mm': 4.162816735410296, 'r2_mm': 0.9955775768075943, 'r3_mm': 1.95423330785458}. Best is trial 1 with value: 523.0529962146591.
[I 2026-05-08 15:41:15,731] Trial 25 finished with value: 465.6261032688373 and parameters: {'r1_mm': 2.8234125364967047, 'r2_mm': 1.6632562648220888, 'r3_mm': 3.469205794295544}. Best is trial 1 with value: 523.0529962146591.
[I 2026-05-08 15:45:56,409] Trial 26 finished with value: 481.325883732876 and parameters: {'r1_mm': 3.507552695552354, 'r2_mm': 1.307363507187123, 'r3_mm': 2.6101942428582756}. Best is trial 1 with value: 523.0529962146591.
[I 2026-05-08 15:50:29,440] Trial 27 finished with value: 388.37763196176775 and parameters: {'r1_mm': 4.124080711542257, 'r2_mm': 1.5510653309515565, 'r3_mm': 1.9567125747591514}. Best is trial 1 with value: 523.0529962146591.
[I 2026-05-08 15:54:58,328] Trial 28 finished with value: 484.29776817489494 and parameters: {'r1_mm': 1.9975906339399114, 'r2_mm': 2.33259398757839, 'r3_mm': 3.6072827446505706}. Best is trial 1 with value: 523.0529962146591.
[I 2026-05-08 16:04:54,375] Trial 29 finished with value: 438.1044644207087 and parameters: {'r1_mm': 2.5577486723823197, 'r2_mm': 2.6235313645931346, 'r3_mm': 2.4267548961690526}. Best is trial 1 with value: 523.0529962146591.
[I 2026-05-08 16:14:24,465] Trial 30 finished with value: 513.2967069187048 and parameters: {'r1_mm': 3.402299319006696, 'r2_mm': 1.8842765220075708, 'r3_mm': 2.2364834636136006}. Best is trial 1 with value: 523.0529962146591.
[I 2026-05-08 16:22:11,467] Trial 31 finished with value: 494.8897800376179 and parameters: {'r1_mm': 3.3580786788730355, 'r2_mm': 1.818382646628872, 'r3_mm': 2.199978316515689}. Best is trial 1 with value: 523.0529962146591.
[I 2026-05-08 16:28:08,625] Trial 32 finished with value: 459.3965473222571 and parameters: {'r1_mm': 4.002693356397327, 'r2_mm': 1.3458612020604594, 'r3_mm': 2.0608031208217144}. Best is trial 1 with value: 523.0529962146591.
[I 2026-05-08 16:39:07,497] Trial 33 finished with value: 466.26201601597774 and parameters: {'r1_mm': 3.0039709434508515, 'r2_mm': 2.15348369154864, 'r3_mm': 2.340367465023409}. Best is trial 1 with value: 523.0529962146591.
[I 2026-05-08 16:45:56,073] Trial 34 pruned. Lifetime 26.27h < 34.65h
[I 2026-05-08 16:52:24,413] Trial 35 finished with value: 506.8673885397165 and parameters: {'r1_mm': 3.4776631267386864, 'r2_mm': 1.9417575258216795, 'r3_mm': 2.2970407193943907}. Best is trial 1 with value: 523.0529962146591.
[I 2026-05-08 17:02:11,145] Trial 36 finished with value: 442.2971773286577 and parameters: {'r1_mm': 2.328158826313406, 'r2_mm': 2.788996937032484, 'r3_mm': 2.8689193056330144}. Best is trial 1 with value: 523.0529962146591.
[I 2026-05-08 17:12:45,770] Trial 37 finished with value: 465.5500295727985 and parameters: {'r1_mm': 3.457080081390368, 'r2_mm': 1.9474067303861786, 'r3_mm': 2.0880420592511966}. Best is trial 1 with value: 523.0529962146591.
[I 2026-05-08 17:16:38,415] Trial 38 pruned. FAIL_EROSION_SOLVE
[I 2026-05-08 17:27:13,833] Trial 39 finished with value: 509.9905975640477 and parameters: {'r1_mm': 3.1033784846264885, 'r2_mm': 2.1116080989400023, 'r3_mm': 2.286301985074484}. Best is trial 1 with value: 523.0529962146591.
[I 2026-05-08 17:32:41,702] Trial 40 finished with value: 512.540560315529 and parameters: {'r1_mm': 3.0782544021004554, 'r2_mm': 2.130251312314312, 'r3_mm': 1.6750334101822304}. Best is trial 1 with value: 523.0529962146591.
[I 2026-05-08 17:37:29,123] Trial 41 finished with value: 488.38628008946165 and parameters: {'r1_mm': 3.0448689590802704, 'r2_mm': 2.1315747313521487, 'r3_mm': 1.5965865172533071}. Best is trial 1 with value: 523.0529962146591.
[I 2026-05-08 17:45:26,751] Trial 42 finished with value: 488.0248110992124 and parameters: {'r1_mm': 2.3856612212060035, 'r2_mm': 2.285339834605164, 'r3_mm': 1.839334990648122}. Best is trial 1 with value: 523.0529962146591.
[I 2026-05-08 17:50:30,754] Trial 43 finished with value: 502.202434372573 and parameters: {'r1_mm': 3.1214279325869434, 'r2_mm': 1.7780548591222802, 'r3_mm': 1.4687472670456163}. Best is trial 1 with value: 523.0529962146591.
[I 2026-05-08 17:56:29,949] Trial 44 finished with value: 495.7855588506986 and parameters: {'r1_mm': 2.686582804532821, 'r2_mm': 2.075405734224658, 'r3_mm': 2.959726309195826}. Best is trial 1 with value: 523.0529962146591.
[I 2026-05-08 18:01:43,133] Trial 45 finished with value: 475.6851336927992 and parameters: {'r1_mm': 3.2830046022831056, 'r2_mm': 1.4587403117698339, 'r3_mm': 1.6816777697927094}. Best is trial 1 with value: 523.0529962146591.
[I 2026-05-08 18:10:00,071] Trial 46 finished with value: 474.2384434215842 and parameters: {'r1_mm': 2.934563758119628, 'r2_mm': 2.453966137660286, 'r3_mm': 2.4909384389488602}. Best is trial 1 with value: 523.0529962146591.
[I 2026-05-08 18:13:53,859] Trial 47 finished with value: 435.1456614624969 and parameters: {'r1_mm': 2.226636891314875, 'r2_mm': 2.7330706263761657, 'r3_mm': 1.1718011035046232}. Best is trial 1 with value: 523.0529962146591.
[I 2026-05-08 18:20:21,455] Trial 48 finished with value: 519.1681212983802 and parameters: {'r1_mm': 3.188406482248157, 'r2_mm': 2.012746911408529, 'r3_mm': 2.0239543051468654}. Best is trial 1 with value: 523.0529962146591.
[I 2026-05-08 18:24:11,030] Trial 49 finished with value: 478.43645087588067 and parameters: {'r1_mm': 1.5672945441696537, 'r2_mm': 3.126991717090543, 'r3_mm': 1.975990401503077}. Best is trial 1 with value: 523.0529962146591.
[I 2026-05-08 18:30:12,909] Trial 50 finished with value: 516.4792568767701 and parameters: {'r1_mm': 3.171365903888921, 'r2_mm': 1.9082743831059372, 'r3_mm': 1.78575376673756}. Best is trial 1 with value: 523.0529962146591.
[I 2026-05-08 18:33:14,886] Trial 51 pruned. FAIL_EROSION_SOLVE
[I 2026-05-08 18:38:58,121] Trial 52 finished with value: 493.20437171143 and parameters: {'r1_mm': 2.7834111308666696, 'r2_mm': 1.8750876509767307, 'r3_mm': 1.7608864376175268}. Best is trial 1 with value: 523.0529962146591.
[I 2026-05-08 18:43:49,501] Trial 53 finished with value: 498.4707194927795 and parameters: {'r1_mm': 2.5626661323115973, 'r2_mm': 2.226695484433545, 'r3_mm': 1.8449017644070933}. Best is trial 1 with value: 523.0529962146591.
[I 2026-05-08 18:48:00,284] Trial 54 finished with value: 506.9541992550907 and parameters: {'r1_mm': 3.3625998526300913, 'r2_mm': 2.0605846636920973, 'r3_mm': 1.6883903567380902}. Best is trial 1 with value: 523.0529962146591.
[I 2026-05-08 18:51:57,537] Trial 55 finished with value: 458.8473312809614 and parameters: {'r1_mm': 3.1302989830754675, 'r2_mm': 1.5861672580901893, 'r3_mm': 1.2902318235240522}. Best is trial 1 with value: 523.0529962146591.
[I 2026-05-08 18:58:03,666] Trial 56 finished with value: 461.032460605595 and parameters: {'r1_mm': 3.01239375506429, 'r2_mm': 2.481647780319422, 'r3_mm': 2.0471037751317795}. Best is trial 1 with value: 523.0529962146591.
[I 2026-05-08 19:06:56,061] Trial 57 finished with value: 454.61984713487914 and parameters: {'r1_mm': 3.226640503703654, 'r2_mm': 2.222369521957754, 'r3_mm': 2.1139622075582056}. Best is trial 1 with value: 523.0529962146591.
[I 2026-05-08 19:12:32,509] Trial 58 finished with value: 397.9699247782025 and parameters: {'r1_mm': 3.792319711961203, 'r2_mm': 2.1007837088758117, 'r3_mm': 1.878460399275661}. Best is trial 1 with value: 523.0529962146591.
[I 2026-05-08 19:16:54,714] Trial 59 finished with value: 480.64524297152775 and parameters: {'r1_mm': 3.3409158239604464, 'r2_mm': 1.8315217081412214, 'r3_mm': 1.501924147182943}. Best is trial 1 with value: 523.0529962146591.
[I 2026-05-08 19:21:25,232] Trial 60 finished with value: 358.9288158483727 and parameters: {'r1_mm': 2.758700971228511, 'r2_mm': 3.435492344492061, 'r3_mm': 1.9040704807482576}. Best is trial 1 with value: 523.0529962146591.
[I 2026-05-08 19:26:48,709] Trial 61 finished with value: 512.040544462793 and parameters: {'r1_mm': 3.610129170484843, 'r2_mm': 1.722135976388393, 'r3_mm': 2.239790355149589}. Best is trial 1 with value: 523.0529962146591.
[I 2026-05-08 19:32:13,755] Trial 62 finished with value: 458.7205939900329 and parameters: {'r1_mm': 3.642244816535877, 'r2_mm': 1.9285321707734329, 'r3_mm': 2.2620227485705504}. Best is trial 1 with value: 523.0529962146591.
[I 2026-05-08 19:37:50,992] Trial 63 finished with value: 508.27125558215454 and parameters: {'r1_mm': 3.403756236335824, 'r2_mm': 1.7198150108994203, 'r3_mm': 1.9917500224752693}. Best is trial 1 with value: 523.0529962146591.
[I 2026-05-08 19:43:58,116] Trial 64 pruned. FAIL_EROSION_SOLVE
[I 2026-05-08 19:49:06,593] Trial 65 finished with value: 399.76471094571934 and parameters: {'r1_mm': 3.584150703297917, 'r2_mm': 0.9595795510952025, 'r3_mm': 2.1396697709567434}. Best is trial 1 with value: 523.0529962146591.
[I 2026-05-08 19:53:43,327] Trial 66 finished with value: 496.5238780285024 and parameters: {'r1_mm': 3.256161453784092, 'r2_mm': 1.3784419503173555, 'r3_mm': 2.2338222643501395}. Best is trial 1 with value: 523.0529962146591.
[I 2026-05-08 20:02:33,589] Trial 67 finished with value: 500.82275538259756 and parameters: {'r1_mm': 3.107882413532426, 'r2_mm': 2.034996783228846, 'r3_mm': 2.3738486622183754}. Best is trial 1 with value: 523.0529962146591.
[I 2026-05-08 20:06:45,396] Trial 68 finished with value: 226.26737277397436 and parameters: {'r1_mm': 0.8482517131271634, 'r2_mm': 1.627147121419157, 'r3_mm': 3.682715795258398}. Best is trial 1 with value: 523.0529962146591.
[I 2026-05-08 20:15:53,543] Trial 69 finished with value: 418.5010197533539 and parameters: {'r1_mm': 3.943907221433853, 'r2_mm': 1.8729778025577979, 'r3_mm': 1.723020860977264}. Best is trial 1 with value: 523.0529962146591.
[I 2026-05-08 20:21:11,080] Trial 70 finished with value: 354.201841675984 and parameters: {'r1_mm': 3.759778384476891, 'r2_mm': 2.2832894708960443, 'r3_mm': 2.010413792613828}. Best is trial 1 with value: 523.0529962146591.
[I 2026-05-08 20:28:52,224] Trial 71 finished with value: 504.89565748952066 and parameters: {'r1_mm': 3.4993907613977977, 'r2_mm': 1.682302025283808, 'r3_mm': 2.1546582924132376}. Best is trial 1 with value: 523.0529962146591.
[I 2026-05-08 20:34:36,730] Trial 72 pruned. FAIL_EROSION_SOLVE
[I 2026-05-08 20:39:46,546] Trial 73 finished with value: 458.32222984710523 and parameters: {'r1_mm': 3.616248310918994, 'r2_mm': 1.9662775157800465, 'r3_mm': 2.2873564665168202}. Best is trial 1 with value: 523.0529962146591.
[I 2026-05-08 20:44:11,894] Trial 74 finished with value: 544.0961667429689 and parameters: {'r1_mm': 2.8584341990392614, 'r2_mm': 1.5176448949228445, 'r3_mm': 3.1011598386881194}. Best is trial 74 with value: 544.0961667429689.
[I 2026-05-08 20:48:31,248] Trial 75 finished with value: 541.0923310367468 and parameters: {'r1_mm': 2.8675496495293546, 'r2_mm': 1.4111190322472142, 'r3_mm': 3.2082287600074517}. Best is trial 74 with value: 544.0961667429689.
[I 2026-05-08 20:53:05,224] Trial 76 pruned. Lifetime 30.42h < 34.65h
[I 2026-05-08 20:56:58,311] Trial 77 finished with value: 476.7950366297091 and parameters: {'r1_mm': 2.447199473600138, 'r2_mm': 1.5485537928140658, 'r3_mm': 3.1560579778105033}. Best is trial 74 with value: 544.0961667429689.
[I 2026-05-08 21:01:39,809] Trial 78 finished with value: 539.5562294059567 and parameters: {'r1_mm': 2.831607185716133, 'r2_mm': 1.418436817176756, 'r3_mm': 3.274663521104208}. Best is trial 74 with value: 544.0961667429689.
[I 2026-05-08 21:06:34,466] Trial 79 finished with value: 550.7940132295563 and parameters: {'r1_mm': 2.843130765789413, 'r2_mm': 1.4853573514384624, 'r3_mm': 3.294597042462177}. Best is trial 79 with value: 550.7940132295563.
[I 2026-05-08 21:11:34,126] Trial 80 finished with value: 530.47868926469 and parameters: {'r1_mm': 2.8511566706002514, 'r2_mm': 1.3915922297586518, 'r3_mm': 3.2587388533337283}. Best is trial 79 with value: 550.7940132295563.
[I 2026-05-08 21:16:26,527] Trial 81 finished with value: 526.3547463743718 and parameters: {'r1_mm': 2.8376938294115495, 'r2_mm': 1.3954956769290479, 'r3_mm': 3.309296758528748}. Best is trial 79 with value: 550.7940132295563.
[I 2026-05-08 21:21:01,920] Trial 82 finished with value: 442.861255468345 and parameters: {'r1_mm': 2.877413765517145, 'r2_mm': 1.0438344887296187, 'r3_mm': 3.2644181874637237}. Best is trial 79 with value: 550.7940132295563.
[I 2026-05-08 21:25:36,060] Trial 83 finished with value: 529.4870615715479 and parameters: {'r1_mm': 2.6583148706350483, 'r2_mm': 1.388983333811633, 'r3_mm': 3.4198460153618173}. Best is trial 79 with value: 550.7940132295563.
[I 2026-05-08 21:29:24,495] Trial 84 finished with value: 483.30230783375197 and parameters: {'r1_mm': 2.667775694568761, 'r2_mm': 1.1882511674199328, 'r3_mm': 3.4398338352044284}. Best is trial 79 with value: 550.7940132295563.
[I 2026-05-08 21:34:22,944] Trial 85 finished with value: 543.2201389646939 and parameters: {'r1_mm': 2.8136565410237324, 'r2_mm': 1.4264325258532167, 'r3_mm': 3.2734524856968417}. Best is trial 79 with value: 550.7940132295563.
[I 2026-05-08 21:39:22,471] Trial 86 finished with value: 471.1987740798189 and parameters: {'r1_mm': 2.507738854357803, 'r2_mm': 1.4092816907086734, 'r3_mm': 3.072107577493199}. Best is trial 79 with value: 550.7940132295563.
[I 2026-05-08 21:44:25,306] Trial 87 finished with value: 361.78670923386926 and parameters: {'r1_mm': 2.1484246256027535, 'r2_mm': 0.8493658859996238, 'r3_mm': 3.6430043930087046}. Best is trial 79 with value: 550.7940132295563.
[I 2026-05-08 21:51:00,428] Trial 88 finished with value: 500.9855786262827 and parameters: {'r1_mm': 2.7705698321568333, 'r2_mm': 1.3047371196197375, 'r3_mm': 3.295937728160725}. Best is trial 79 with value: 550.7940132295563.
[I 2026-05-08 21:57:22,815] Trial 89 finished with value: 520.5451291406532 and parameters: {'r1_mm': 2.9476533730538512, 'r2_mm': 1.4581538729948922, 'r3_mm': 3.412126967000413}. Best is trial 79 with value: 550.7940132295563.
[I 2026-05-08 22:03:20,144] Trial 90 finished with value: 541.053283620906 and parameters: {'r1_mm': 2.8421785971629108, 'r2_mm': 1.2143741567724629, 'r3_mm': 3.5342454215591523}. Best is trial 79 with value: 550.7940132295563.
[I 2026-05-08 22:08:39,854] Trial 91 finished with value: 497.3049044521362 and parameters: {'r1_mm': 2.857785674980282, 'r2_mm': 1.2092220413303185, 'r3_mm': 3.2161138711519786}. Best is trial 79 with value: 550.7940132295563.
[I 2026-05-08 22:13:47,870] Trial 92 finished with value: 460.74757915385663 and parameters: {'r1_mm': 2.719556319407625, 'r2_mm': 1.0864544053073464, 'r3_mm': 3.5397016948231776}. Best is trial 79 with value: 550.7940132295563.
[I 2026-05-08 22:18:45,042] Trial 93 finished with value: 521.106084207887 and parameters: {'r1_mm': 2.4466718058644172, 'r2_mm': 1.3280759407862053, 'r3_mm': 3.7310115489822864}. Best is trial 79 with value: 550.7940132295563.
[I 2026-05-08 22:25:03,316] Trial 94 finished with value: 539.382079112561 and parameters: {'r1_mm': 2.818762684326051, 'r2_mm': 1.53128460584322, 'r3_mm': 3.3887318023287576}. Best is trial 79 with value: 550.7940132295563.
[I 2026-05-08 22:31:06,538] Trial 95 finished with value: 535.1199434404845 and parameters: {'r1_mm': 2.6254558395190633, 'r2_mm': 1.514944722500812, 'r3_mm': 3.35577727874386}. Best is trial 79 with value: 550.7940132295563.
[I 2026-05-08 22:37:18,482] Trial 96 finished with value: 508.7438149240666 and parameters: {'r1_mm': 2.612478665833673, 'r2_mm': 1.5063541956148132, 'r3_mm': 3.0367869440630604}. Best is trial 79 with value: 550.7940132295563.
[I 2026-05-08 22:43:48,016] Trial 97 finished with value: 485.03070436151734 and parameters: {'r1_mm': 2.3050076770406434, 'r2_mm': 1.6106571962138008, 'r3_mm': 3.3575974698493254}. Best is trial 79 with value: 550.7940132295563.
[I 2026-05-08 22:49:06,482] Trial 98 finished with value: 454.23262534350386 and parameters: {'r1_mm': 2.9604669971965576, 'r2_mm': 0.9345412618086226, 'r3_mm': 3.525622930086951}. Best is trial 79 with value: 550.7940132295563.
[I 2026-05-08 22:55:45,913] Trial 99 finished with value: 491.0417009204457 and parameters: {'r1_mm': 2.687701264343782, 'r2_mm': 1.4746905622955502, 'r3_mm': 3.204493786081272}. Best is trial 79 with value: 550.7940132295563.
[I 2026-05-08 23:06:08,369] Trial 100 finished with value: 397.47126915430437 and parameters: {'r1_mm': 2.5510002938066725, 'r2_mm': 1.1449306085135236, 'r3_mm': 2.9149405442348417}. Best is trial 79 with value: 550.7940132295563.
[I 2026-05-08 23:12:20,562] Trial 101 finished with value: 532.9198816829703 and parameters: {'r1_mm': 2.824253360452379, 'r2_mm': 1.4211584961145136, 'r3_mm': 3.3306324379572354}. Best is trial 79 with value: 550.7940132295563.
[I 2026-05-08 23:18:35,725] Trial 102 finished with value: 520.4731716573431 and parameters: {'r1_mm': 2.813591444508944, 'r2_mm': 1.2795876301280804, 'r3_mm': 3.3725345498464097}. Best is trial 79 with value: 550.7940132295563.
