[I 2026-05-08 23:24:56,328] Trial 103 finished with value: 464.46112869556947 and parameters: {'r1_mm': 2.994958076605919, 'r2_mm': 1.4123786078994278, 'r3_mm': 3.4893059646007174}. Best is trial 79 with value: 550.7940132295563.
[I 2026-05-08 23:30:56,721] Trial 104 finished with value: 530.4476568864807 and parameters: {'r1_mm': 2.6374250777663883, 'r2_mm': 1.3386653241796178, 'r3_mm': 3.75789616085302}. Best is trial 79 with value: 550.7940132295563.
[I 2026-05-08 23:36:58,922] Trial 105 finished with value: 265.3449415977841 and parameters: {'r1_mm': 2.776995666651063, 'r2_mm': 1.5198547430293012, 'r3_mm': 3.7748938877587586}. Best is trial 79 with value: 550.7940132295563.
[I 2026-05-08 23:43:05,260] Trial 106 finished with value: 426.74304117388914 and parameters: {'r1_mm': 2.3984553390100487, 'r2_mm': 1.2470953435558876, 'r3_mm': 4.050239845945869}. Best is trial 79 with value: 550.7940132295563.
[I 2026-05-08 23:49:37,381] Trial 107 finished with value: 536.7427251414066 and parameters: {'r1_mm': 2.8889739368906113, 'r2_mm': 1.6023021956680605, 'r3_mm': 3.2320482473835845}. Best is trial 79 with value: 550.7940132295563.
[I 2026-05-08 23:56:16,481] Trial 108 finished with value: 559.1795930726074 and parameters: {'r1_mm': 2.8974159321498325, 'r2_mm': 1.6416070747606906, 'r3_mm': 3.238762129482194}. Best is trial 108 with value: 559.1795930726074.
[I 2026-05-09 00:03:22,838] Trial 109 finished with value: 503.8962290064731 and parameters: {'r1_mm': 2.7528408990352204, 'r2_mm': 1.6547514607668021, 'r3_mm': 3.034827854949063}. Best is trial 108 with value: 559.1795930726074.
[I 2026-05-09 00:09:41,606] Trial 110 finished with value: 541.3691841168603 and parameters: {'r1_mm': 2.92240079527123, 'r2_mm': 1.5902704514191532, 'r3_mm': 3.1276446185531857}. Best is trial 108 with value: 559.1795930726074.
[I 2026-05-09 00:15:15,216] Trial 111 finished with value: 533.9527967548453 and parameters: {'r1_mm': 2.931061107128015, 'r2_mm': 1.5506510113436227, 'r3_mm': 3.134101061501395}. Best is trial 108 with value: 559.1795930726074.
[I 2026-05-09 00:22:18,924] Trial 112 finished with value: 516.8825371003569 and parameters: {'r1_mm': 2.911255128514914, 'r2_mm': 1.5703728673349444, 'r3_mm': 3.1996248461493844}. Best is trial 108 with value: 559.1795930726074.
[I 2026-05-09 00:28:28,556] Trial 113 finished with value: 541.9070602943912 and parameters: {'r1_mm': 3.0529389603542114, 'r2_mm': 1.4808512264069411, 'r3_mm': 3.101750494900939}. Best is trial 108 with value: 559.1795930726074.
[I 2026-05-09 00:35:58,451] Trial 114 finished with value: 506.0294419524067 and parameters: {'r1_mm': 3.0657462504584037, 'r2_mm': 1.616641412759171, 'r3_mm': 2.983215865841419}. Best is trial 108 with value: 559.1795930726074.
[I 2026-05-09 00:41:28,974] Trial 115 finished with value: 245.8021333895817 and parameters: {'r1_mm': 0.9722715428484088, 'r2_mm': 1.7543314207854603, 'r3_mm': 2.7661307170891716}. Best is trial 108 with value: 559.1795930726074.
[I 2026-05-09 00:47:59,704] Trial 116 finished with value: 541.8360344984395 and parameters: {'r1_mm': 3.06707871684714, 'r2_mm': 1.4806130308944143, 'r3_mm': 3.0821125526683115}. Best is trial 108 with value: 559.1795930726074.
[I 2026-05-09 00:53:57,750] Trial 117 finished with value: 527.2964720458218 and parameters: {'r1_mm': 3.0379903473703886, 'r2_mm': 1.6685579848881795, 'r3_mm': 3.1068230779898456}. Best is trial 108 with value: 559.1795930726074.
[I 2026-05-09 01:00:25,526] Trial 118 finished with value: 434.9156328113081 and parameters: {'r1_mm': 3.2347610788869554, 'r2_mm': 1.4883522071508912, 'r3_mm': 3.245158867988429}. Best is trial 108 with value: 559.1795930726074.
[I 2026-05-09 01:06:15,545] Trial 119 finished with value: 496.3071454897345 and parameters: {'r1_mm': 2.9666755736919708, 'r2_mm': 1.8046454450226777, 'r3_mm': 3.1615927941776305}. Best is trial 108 with value: 559.1795930726074.
[I 2026-05-09 01:11:21,139] Trial 120 finished with value: 513.4644623889014 and parameters: {'r1_mm': 3.1395245244194303, 'r2_mm': 1.3450546819363234, 'r3_mm': 2.968767539178647}. Best is trial 108 with value: 559.1795930726074.
[I 2026-05-09 01:18:26,588] Trial 121 finished with value: 532.1193545761287 and parameters: {'r1_mm': 2.8826785924386567, 'r2_mm': 1.4862892432855934, 'r3_mm': 3.38322436902948}. Best is trial 108 with value: 559.1795930726074.
[I 2026-05-09 01:23:14,066] Trial 122 finished with value: 531.8800701387089 and parameters: {'r1_mm': 2.725783814063098, 'r2_mm': 1.5913256333334642, 'r3_mm': 3.0832583585141617}. Best is trial 108 with value: 559.1795930726074.
[I 2026-05-09 01:29:46,548] Trial 123 finished with value: 532.7311478643738 and parameters: {'r1_mm': 3.0152905925229683, 'r2_mm': 1.4673702759318383, 'r3_mm': 3.2870130009000476}. Best is trial 108 with value: 559.1795930726074.
[I 2026-05-09 01:38:18,825] Trial 124 pruned. FAIL_EROSION_SOLVE
[I 2026-05-09 01:46:09,209] Trial 125 finished with value: 512.2769977514679 and parameters: {'r1_mm': 2.804880535328117, 'r2_mm': 1.6930514308155624, 'r3_mm': 3.1793658285680437}. Best is trial 108 with value: 559.1795930726074.
[I 2026-05-09 01:52:38,405] Trial 126 finished with value: 511.7475131785219 and parameters: {'r1_mm': 3.072659120798574, 'r2_mm': 1.5468810357688507, 'r3_mm': 3.2432974759415893}. Best is trial 108 with value: 559.1795930726074.
[I 2026-05-09 01:59:17,209] Trial 127 finished with value: 551.8395035048609 and parameters: {'r1_mm': 2.8858323487325435, 'r2_mm': 1.4355179724531544, 'r3_mm': 3.464850763281509}. Best is trial 108 with value: 559.1795930726074.
[I 2026-05-09 02:05:34,183] Trial 128 finished with value: 438.63325779714717 and parameters: {'r1_mm': 3.288439717094085, 'r2_mm': 1.2786407638158808, 'r3_mm': 3.3131466034439376}. Best is trial 108 with value: 559.1795930726074.
[I 2026-05-09 02:10:42,517] Trial 129 pruned. Lifetime 34.32h < 34.65h
[I 2026-05-09 02:14:46,446] Trial 130 finished with value: 538.2268811084363 and parameters: {'r1_mm': 3.175861076846195, 'r2_mm': 1.3460482040136426, 'r3_mm': 3.0398964394131682}. Best is trial 108 with value: 559.1795930726074.
[I 2026-05-09 02:19:14,336] Trial 131 finished with value: 512.8127423618922 and parameters: {'r1_mm': 3.155502972234732, 'r2_mm': 1.45857569444689, 'r3_mm': 3.0478038090986215}. Best is trial 108 with value: 559.1795930726074.
[I 2026-05-09 02:23:45,023] Trial 132 finished with value: 518.5787129260304 and parameters: {'r1_mm': 2.9806478672870913, 'r2_mm': 1.3588717118475697, 'r3_mm': 3.447823074551989}. Best is trial 108 with value: 559.1795930726074.
[I 2026-05-09 02:29:06,454] Trial 133 finished with value: 494.6366487925258 and parameters: {'r1_mm': 2.8987176363028238, 'r2_mm': 1.2999985383169002, 'r3_mm': 3.5090525452943977}. Best is trial 108 with value: 559.1795930726074.
[I 2026-05-09 02:33:13,484] Trial 134 finished with value: 526.1739299130381 and parameters: {'r1_mm': 3.0646635888735476, 'r2_mm': 1.428752178234554, 'r3_mm': 3.123551657818456}. Best is trial 108 with value: 559.1795930726074.
[I 2026-05-09 02:40:32,056] Trial 135 finished with value: 415.8747326407276 and parameters: {'r1_mm': 2.7223504997814705, 'r2_mm': 1.044976004771247, 'r3_mm': 2.857126626031452}. Best is trial 108 with value: 559.1795930726074.
[I 2026-05-09 02:45:00,523] Trial 136 pruned. Lifetime 30.81h < 34.65h
[I 2026-05-09 02:49:26,259] Trial 137 finished with value: 490.61531529937423 and parameters: {'r1_mm': 2.8057425888532075, 'r2_mm': 1.3491358338032904, 'r3_mm': 3.019832259393108}. Best is trial 108 with value: 559.1795930726074.
[I 2026-05-09 02:53:58,015] Trial 138 finished with value: 479.12280651186074 and parameters: {'r1_mm': 2.9934146661134107, 'r2_mm': 1.2479909069433985, 'r3_mm': 2.921907124868639}. Best is trial 108 with value: 559.1795930726074.
[I 2026-05-09 02:58:11,926] Trial 139 finished with value: 398.7571408821227 and parameters: {'r1_mm': 3.3245365547896313, 'r2_mm': 1.5193796936194082, 'r3_mm': 3.189603270451391}. Best is trial 108 with value: 559.1795930726074.
[I 2026-05-09 03:02:58,922] Trial 140 pruned. Lifetime 31.34h < 34.65h
[I 2026-05-09 03:07:39,606] Trial 141 finished with value: 218.84261026843402 and parameters: {'r1_mm': 2.607682437896801, 'r2_mm': 3.5779919037734507, 'r3_mm': 2.174395111595956}. Best is trial 108 with value: 559.1795930726074.
[I 2026-05-09 03:11:26,641] Trial 142 finished with value: 503.2943492675021 and parameters: {'r1_mm': 2.6932497949899417, 'r2_mm': 1.4166928831346532, 'r3_mm': 3.3326446381477917}. Best is trial 108 with value: 559.1795930726074.
[I 2026-05-09 03:15:47,019] Trial 143 finished with value: 499.81445526688856 and parameters: {'r1_mm': 2.8433000560107646, 'r2_mm': 1.5699206809130606, 'r3_mm': 3.4742454689056195}. Best is trial 108 with value: 559.1795930726074.
[I 2026-05-09 03:20:09,372] Trial 144 finished with value: 525.6664716756862 and parameters: {'r1_mm': 2.7721567883803817, 'r2_mm': 1.7069885020233064, 'r3_mm': 3.3553977231386436}. Best is trial 108 with value: 559.1795930726074.
[I 2026-05-09 03:24:43,509] Trial 145 pruned. Lifetime 29.76h < 34.65h
[I 2026-05-09 03:28:49,542] Trial 146 finished with value: 495.3331631197918 and parameters: {'r1_mm': 2.619402664990876, 'r2_mm': 1.3656175337382548, 'r3_mm': 3.1308722405723386}. Best is trial 108 with value: 559.1795930726074.
[I 2026-05-09 03:32:15,293] Trial 147 finished with value: 525.5894684050941 and parameters: {'r1_mm': 2.8821833692287426, 'r2_mm': 1.457794564585907, 'r3_mm': 3.0750480670087614}. Best is trial 108 with value: 559.1795930726074.
[I 2026-05-09 03:38:11,367] Trial 148 finished with value: 224.92540191001447 and parameters: {'r1_mm': 1.7834675574309786, 'r2_mm': 4.277939407474227, 'r3_mm': 1.6923080258200414}. Best is trial 108 with value: 559.1795930726074.
[I 2026-05-09 03:42:40,564] Trial 149 finished with value: 486.9699099374703 and parameters: {'r1_mm': 2.5083551316287487, 'r2_mm': 1.302071765705024, 'r3_mm': 3.584793147755971}. Best is trial 108 with value: 559.1795930726074.
